<?xml version="1.0" encoding="UTF-8"?>
<TestRun id="25d7ddcc-39e2-4d0a-9ce4-6989a73b1a6d" name="Administrator@BHMVISION 2020-08-06 11:10:18" runUser="BHMVISION\Administrator" xmlns="http://microsoft.com/schemas/VisualStudio/TeamTest/2010">
  <TestSettings name="Local" id="cfdf6bc8-d928-435d-9cb7-56225209ad3e">
    <Description>These are default test settings for a local test run.</Description>
    <Deployment enabled="false" runDeploymentRoot="Administrator_BHMVISION 2020-08-06 11_10_18">
      <DeploymentItem filename="D:\Work 2020\tcmslipt2\src\D7432_DIO Library\bin\Debug\DIO_Library.dll" />
    </Deployment>
    <Execution>
      <TestTypeSpecific />
      <AgentRule name="Execution Agents">
      </AgentRule>
    </Execution>
  </TestSettings>
  <Times creation="2020-08-06T11:10:18.9820001+07:00" queuing="2020-08-06T11:10:19.2420001+07:00" start="2020-08-06T11:10:19.2720001+07:00" finish="2020-08-06T11:10:19.4620001+07:00" />
  <ResultSummary outcome="Failed">
    <Counters total="1" executed="1" error="0" failed="1" timeout="0" aborted="0" inconclusive="0" passedButRunAborted="0" notRunnable="0" notExecuted="0" disconnected="0" warning="0" passed="0" completed="0" inProgress="0" pending="0" />
  </ResultSummary>
  <TestDefinitions>
    <UnitTest name="TestMethod1" storage="d:\work 2020\tcmslipt2\src\testproject1\bin\debug\testproject1.dll" id="59863143-3238-122e-4d8a-637b491cc755">
      <Execution id="2cd14403-9ce9-4d25-bd7c-adfd716a930e" />
      <TestMethod codeBase="D:/Work 2020/tcmslipt2/src/TestProject1/bin/Debug/TestProject1.DLL" adapterTypeName="Microsoft.VisualStudio.TestTools.TestTypes.Unit.UnitTestAdapter, Microsoft.VisualStudio.QualityTools.Tips.UnitTest.Adapter, Version=10.0.0.0, Culture=neutral, PublicKeyToken=b03f5f7f11d50a3a" className="TestProject1.UnitTest1, TestProject1, Version=1.0.0.0, Culture=neutral, PublicKeyToken=null" name="TestMethod1" />
    </UnitTest>
  </TestDefinitions>
  <TestLists>
    <TestList name="Results Not in a List" id="8c84fa94-04c1-424b-9868-57a2d4851a1d" />
    <TestList name="All Loaded Results" id="19431567-8539-422a-85d7-44ee4e166bda" />
  </TestLists>
  <TestEntries>
    <TestEntry testId="59863143-3238-122e-4d8a-637b491cc755" executionId="2cd14403-9ce9-4d25-bd7c-adfd716a930e" testListId="8c84fa94-04c1-424b-9868-57a2d4851a1d" />
  </TestEntries>
  <Results>
    <UnitTestResult executionId="2cd14403-9ce9-4d25-bd7c-adfd716a930e" testId="59863143-3238-122e-4d8a-637b491cc755" testName="TestMethod1" computerName="BHMVISION" duration="00:00:00.0299373" startTime="2020-08-06T11:10:19.2820001+07:00" endTime="2020-08-06T11:10:19.4320001+07:00" testType="13cdc9d9-ddb5-4fa4-a97d-d965ccfc6d4b" outcome="Failed" testListId="8c84fa94-04c1-424b-9868-57a2d4851a1d" relativeResultsDirectory="2cd14403-9ce9-4d25-bd7c-adfd716a930e">
      <Output>
        <ErrorInfo>
          <Message>Test method TestProject1.UnitTest1.TestMethod1 threw exception: 
System.NullReferenceException: Object reference not set to an instance of an object.</Message>
          <StackTrace>    at DIO_Library.D7432.ReadPin(UInt16 port, UInt16 pin, Boolean&amp; state, Int16&amp; code, String&amp; message) in D:\DEV\SCR\BHM KIOSK\Implement_02_CheckSystem\BO23 Kiosk\D7432_DIO Library\D7432.cs:line 146
   at TestProject1.UnitTest1.TestMethod1() in D:\Work 2020\tcmslipt2\src\TestProject1\UnitTest1.cs:line 71
</StackTrace>
        </ErrorInfo>
      </Output>
    </UnitTestResult>
  </Results>
</TestRun>