<?xml version="1.0" encoding="UTF-8"?>
<TestRun id="3b2082d8-0436-4e56-b77f-2f0d68c94717" name="Administrator@BHMVISION 2020-08-06 19:58:57" runUser="BHMVISION\Administrator" xmlns="http://microsoft.com/schemas/VisualStudio/TeamTest/2010">
  <TestSettings name="Local" id="cfdf6bc8-d928-435d-9cb7-56225209ad3e">
    <Description>These are default test settings for a local test run.</Description>
    <Deployment enabled="false" runDeploymentRoot="Administrator_BHMVISION 2020-08-06 19_58_57">
      <DeploymentItem filename="D:\Work 2020\tcmslipt2\src\D7432_DIO Library\bin\Debug\DIO_Library.dll" />
    </Deployment>
    <Execution>
      <TestTypeSpecific />
      <AgentRule name="Execution Agents">
      </AgentRule>
    </Execution>
  </TestSettings>
  <Times creation="2020-08-06T19:58:57.2360001+07:00" queuing="2020-08-06T19:58:57.7520001+07:00" start="2020-08-06T19:58:57.8120001+07:00" finish="2020-08-06T20:01:01.4980001+07:00" />
  <ResultSummary outcome="Error">
    <Counters total="1" executed="1" error="0" failed="0" timeout="0" aborted="1" inconclusive="0" passedButRunAborted="0" notRunnable="0" notExecuted="0" disconnected="0" warning="0" passed="0" completed="0" inProgress="0" pending="0" />
    <RunInfos>
      <RunInfo computerName="BHMVISION" outcome="Error" timestamp="2020-08-06T20:01:01.4980001+07:00">
        <Text>Test host process exited unexpectedly.</Text>
      </RunInfo>
    </RunInfos>
  </ResultSummary>
  <TestDefinitions>
    <UnitTest name="TestMethod1" storage="d:\work 2020\tcmslipt2\src\testproject1\bin\debug\testproject1.dll" id="59863143-3238-122e-4d8a-637b491cc755">
      <Execution id="39c51247-8315-4270-9591-4a2ab82ebefa" />
      <TestMethod codeBase="D:/Work 2020/tcmslipt2/src/TestProject1/bin/Debug/TestProject1.DLL" adapterTypeName="Microsoft.VisualStudio.TestTools.TestTypes.Unit.UnitTestAdapter, Microsoft.VisualStudio.QualityTools.Tips.UnitTest.Adapter, Version=10.0.0.0, Culture=neutral, PublicKeyToken=b03f5f7f11d50a3a" className="TestProject1.UnitTest1, TestProject1, Version=1.0.0.0, Culture=neutral, PublicKeyToken=null" name="TestMethod1" />
    </UnitTest>
  </TestDefinitions>
  <TestLists>
    <TestList name="Results Not in a List" id="8c84fa94-04c1-424b-9868-57a2d4851a1d" />
    <TestList name="All Loaded Results" id="19431567-8539-422a-85d7-44ee4e166bda" />
  </TestLists>
  <TestEntries>
    <TestEntry testId="59863143-3238-122e-4d8a-637b491cc755" executionId="39c51247-8315-4270-9591-4a2ab82ebefa" testListId="8c84fa94-04c1-424b-9868-57a2d4851a1d" />
  </TestEntries>
  <Results>
    <UnitTestResult executionId="39c51247-8315-4270-9591-4a2ab82ebefa" testId="59863143-3238-122e-4d8a-637b491cc755" testName="TestMethod1" computerName="BHMVISION" duration="00:02:03.6390000" startTime="2020-08-06T19:58:57.8590001+07:00" endTime="2020-08-06T20:01:01.4980001+07:00" testType="13cdc9d9-ddb5-4fa4-a97d-d965ccfc6d4b" outcome="Aborted" testListId="8c84fa94-04c1-424b-9868-57a2d4851a1d" relativeResultsDirectory="39c51247-8315-4270-9591-4a2ab82ebefa">
    </UnitTestResult>
  </Results>
</TestRun>